[2026-03-12T09:09:35.089Z] [INFO] Server running on:
[2026-03-12T09:09:35.090Z] [INFO] - Local:   http://localhost:3000
[2026-03-12T09:09:35.091Z] [INFO] - Network: http://172.27.53.175:3000
[2026-03-12T09:09:35.107Z] [WARN] Cron jobs could not be loaded (may not exist yet).
[2026-03-12T09:10:20.253Z] [INFO] Server running on:
[2026-03-12T09:10:20.254Z] [INFO] - Local:   http://localhost:3000
[2026-03-12T09:10:20.254Z] [INFO] - Network: http://172.27.53.175:3000
[2026-03-12T09:10:20.270Z] [WARN] Cron jobs could not be loaded (may not exist yet).
[2026-03-12T09:10:22.615Z] [INFO] Server running on:
[2026-03-12T09:10:22.617Z] [INFO] - Local:   http://localhost:3000
[2026-03-12T09:10:22.617Z] [INFO] - Network: http://172.27.53.175:3000
[2026-03-12T09:10:22.644Z] [WARN] Cron jobs could not be loaded (may not exist yet).
[2026-03-12T09:11:06.755Z] [INFO] Server running on:
[2026-03-12T09:11:06.756Z] [INFO] - Local:   http://localhost:3000
[2026-03-12T09:11:06.756Z] [INFO] - Network: http://172.27.53.175:3000
[2026-03-12T09:11:06.772Z] [WARN] Cron jobs could not be loaded (may not exist yet).
[2026-03-12T09:12:06.209Z] [INFO] Server running on:
[2026-03-12T09:12:06.210Z] [INFO] - Local:   http://localhost:3000
[2026-03-12T09:12:06.210Z] [INFO] - Network: http://172.27.53.175:3000
[2026-03-12T09:12:06.226Z] [WARN] Cron jobs could not be loaded (may not exist yet).
[2026-03-12T09:13:10.368Z] [INFO] Server running on:
[2026-03-12T09:13:10.369Z] [INFO] - Local:   http://localhost:3000
[2026-03-12T09:13:10.370Z] [INFO] - Network: http://172.27.53.175:3000
[2026-03-12T09:13:10.386Z] [WARN] Cron jobs could not be loaded (may not exist yet).
[2026-03-12T09:36:57.203Z] [INFO] Server running on:
[2026-03-12T09:36:57.204Z] [INFO] - Local:   http://localhost:3000
[2026-03-12T09:36:57.204Z] [INFO] - Network: http://172.27.53.175:3000
[2026-03-12T09:36:57.220Z] [WARN] Cron jobs could not be loaded (may not exist yet).
[2026-03-12T09:37:08.515Z] [INFO] Server running on:
[2026-03-12T09:37:08.516Z] [INFO] - Local:   http://localhost:3000
[2026-03-12T09:37:08.517Z] [INFO] - Network: http://172.27.53.175:3000
[2026-03-12T09:37:08.535Z] [WARN] Cron jobs could not be loaded (may not exist yet).
[2026-03-12T10:48:04.530Z] [INFO] Server running on:
[2026-03-12T10:48:04.531Z] [INFO] - Local:   http://localhost:3000
[2026-03-12T10:48:04.531Z] [INFO] - Network: http://172.27.53.175:3000
[2026-03-12T10:48:04.548Z] [WARN] Cron jobs could not be loaded (may not exist yet).
[2026-03-12T10:48:27.335Z] [INFO] Server running on:
[2026-03-12T10:48:27.336Z] [INFO] - Local:   http://localhost:3000
[2026-03-12T10:48:27.337Z] [INFO] - Network: http://172.27.53.175:3000
[2026-03-12T10:48:27.353Z] [WARN] Cron jobs could not be loaded (may not exist yet).
[2026-03-12T10:48:32.563Z] [INFO] Server running on:
[2026-03-12T10:48:32.563Z] [INFO] - Local:   http://localhost:3000
[2026-03-12T10:48:32.564Z] [INFO] - Network: http://172.27.53.175:3000
[2026-03-12T10:48:32.583Z] [WARN] Cron jobs could not be loaded (may not exist yet).
[2026-03-12T10:53:02.816Z] [INFO] Server running on:
[2026-03-12T10:53:02.816Z] [INFO] - Local:   http://localhost:3000
[2026-03-12T10:53:02.817Z] [INFO] - Network: http://172.27.53.175:3000
[2026-03-12T10:53:02.834Z] [WARN] Cron jobs could not be loaded (may not exist yet).
[2026-03-12T10:53:05.102Z] [INFO] Server running on:
[2026-03-12T10:53:05.103Z] [INFO] - Local:   http://localhost:3000
[2026-03-12T10:53:05.104Z] [INFO] - Network: http://172.27.53.175:3000
[2026-03-12T10:53:05.146Z] [WARN] Cron jobs could not be loaded (may not exist yet).
[2026-03-12T10:58:44.372Z] [INFO] Server running on:
[2026-03-12T10:58:44.373Z] [INFO] - Local:   http://localhost:3000
[2026-03-12T10:58:44.373Z] [INFO] - Network: http://172.27.53.175:3000
[2026-03-12T10:58:44.390Z] [WARN] Cron jobs could not be loaded (may not exist yet).
[2026-03-12T10:59:01.652Z] [INFO] Server running on:
[2026-03-12T10:59:01.653Z] [INFO] - Local:   http://localhost:3000
[2026-03-12T10:59:01.654Z] [INFO] - Network: http://172.27.53.175:3000
[2026-03-12T10:59:01.677Z] [WARN] Cron jobs could not be loaded (may not exist yet).
[2026-03-12T10:59:18.658Z] [INFO] Server running on:
[2026-03-12T10:59:18.660Z] [INFO] - Local:   http://localhost:3000
[2026-03-12T10:59:18.660Z] [INFO] - Network: http://172.27.53.175:3000
[2026-03-12T10:59:18.697Z] [WARN] Cron jobs could not be loaded (may not exist yet).
[2026-03-12T11:16:21.481Z] [INFO] Server running on:
[2026-03-12T11:16:21.482Z] [INFO] - Local:   http://localhost:3000
[2026-03-12T11:16:21.482Z] [INFO] - Network: http://172.27.53.175:3000
[2026-03-12T11:16:21.498Z] [WARN] Cron jobs could not be loaded (may not exist yet).
[2026-03-12T13:22:11.131Z] [INFO] Server running on:
[2026-03-12T13:22:11.133Z] [INFO] - Local:   http://localhost:3000
[2026-03-12T13:22:11.133Z] [INFO] - Network: http://192.168.1.8:3000
[2026-03-12T13:22:11.258Z] [WARN] Cron jobs could not be loaded (may not exist yet).
[2026-03-12T13:26:52.091Z] [ERROR] Unhandled error on POST /api/auth/login {}
[2026-03-12T13:27:01.749Z] [ERROR] Unhandled error on POST /api/auth/login {}
[2026-03-12T13:29:16.868Z] [INFO] Server running on:
[2026-03-12T13:29:16.869Z] [INFO] - Local:   http://localhost:3000
[2026-03-12T13:29:16.870Z] [INFO] - Network: http://192.168.1.8:3000
[2026-03-12T13:29:16.896Z] [WARN] Cron jobs could not be loaded (may not exist yet).
[2026-03-12T13:29:27.191Z] [INFO] Server running on:
[2026-03-12T13:29:27.192Z] [INFO] - Local:   http://localhost:3000
[2026-03-12T13:29:27.193Z] [INFO] - Network: http://192.168.1.8:3000
[2026-03-12T13:29:27.217Z] [WARN] Cron jobs could not be loaded (may not exist yet).
[2026-03-12T13:29:37.216Z] [INFO] Server running on:
[2026-03-12T13:29:37.217Z] [INFO] - Local:   http://localhost:3000
[2026-03-12T13:29:37.218Z] [INFO] - Network: http://192.168.1.8:3000
[2026-03-12T13:29:37.243Z] [WARN] Cron jobs could not be loaded (may not exist yet).
[2026-03-12T13:30:12.322Z] [ERROR] Unhandled error on POST /api/auth/login {}
[2026-03-12T13:30:31.103Z] [INFO] Server running on:
[2026-03-12T13:30:31.104Z] [INFO] - Local:   http://localhost:3000
[2026-03-12T13:30:31.104Z] [INFO] - Network: http://192.168.1.8:3000
[2026-03-12T13:30:31.136Z] [WARN] Cron jobs could not be loaded (may not exist yet).
[2026-03-12T13:30:39.215Z] [ERROR] Unhandled error on POST /api/auth/login {}
[2026-03-12T13:32:27.936Z] [INFO] Server running on:
[2026-03-12T13:32:27.937Z] [INFO] - Local:   http://localhost:3000
[2026-03-12T13:32:27.938Z] [INFO] - Network: http://192.168.1.8:3000
[2026-03-12T13:32:27.964Z] [WARN] Cron jobs could not be loaded (may not exist yet).
[2026-03-12T13:32:29.894Z] [INFO] Server running on:
[2026-03-12T13:32:29.896Z] [INFO] - Local:   http://localhost:3000
[2026-03-12T13:32:29.896Z] [INFO] - Network: http://192.168.1.8:3000
[2026-03-12T13:32:29.928Z] [WARN] Cron jobs could not be loaded (may not exist yet).
[2026-03-12T13:33:06.574Z] [INFO] Server running on:
[2026-03-12T13:33:06.576Z] [INFO] - Local:   http://localhost:3000
[2026-03-12T13:33:06.576Z] [INFO] - Network: http://192.168.1.8:3000
[2026-03-12T13:33:06.611Z] [WARN] Cron jobs could not be loaded (may not exist yet).
[2026-03-12T13:33:08.605Z] [INFO] Server running on:
[2026-03-12T13:33:08.607Z] [INFO] - Local:   http://localhost:3000
[2026-03-12T13:33:08.608Z] [INFO] - Network: http://192.168.1.8:3000
[2026-03-12T13:33:08.639Z] [INFO] HOD Attendance Cron registered — runs Mon–Sat at 4:50 PM (IST)
[2026-03-12T13:33:10.554Z] [INFO] Server running on:
[2026-03-12T13:33:10.559Z] [INFO] - Local:   http://localhost:3000
[2026-03-12T13:33:10.560Z] [INFO] - Network: http://192.168.1.8:3000
[2026-03-12T13:33:10.591Z] [INFO] HOD Attendance Cron registered — runs Mon–Sat at 4:50 PM (IST)
[2026-03-12T13:33:12.655Z] [INFO] Server running on:
[2026-03-12T13:33:12.657Z] [INFO] - Local:   http://localhost:3000
[2026-03-12T13:33:12.658Z] [INFO] - Network: http://192.168.1.8:3000
[2026-03-12T13:33:12.686Z] [INFO] HOD Attendance Cron registered — runs Mon–Sat at 4:50 PM (IST)
[2026-03-12T13:33:14.591Z] [INFO] Server running on:
[2026-03-12T13:33:14.593Z] [INFO] - Local:   http://localhost:3000
[2026-03-12T13:33:14.593Z] [INFO] - Network: http://192.168.1.8:3000
[2026-03-12T13:33:14.622Z] [INFO] HOD Attendance Cron registered — runs Mon–Sat at 4:50 PM (IST)
[2026-03-12T13:33:16.685Z] [INFO] Server running on:
[2026-03-12T13:33:16.687Z] [INFO] - Local:   http://localhost:3000
[2026-03-12T13:33:16.688Z] [INFO] - Network: http://192.168.1.8:3000
[2026-03-12T13:33:16.719Z] [INFO] HOD Attendance Cron registered — runs Mon–Sat at 4:50 PM (IST)
[2026-03-12T13:33:18.700Z] [INFO] Server running on:
[2026-03-12T13:33:18.702Z] [INFO] - Local:   http://localhost:3000
[2026-03-12T13:33:18.703Z] [INFO] - Network: http://192.168.1.8:3000
[2026-03-12T13:33:18.734Z] [INFO] HOD Attendance Cron registered — runs Mon–Sat at 4:50 PM (IST)
[2026-03-12T13:33:20.755Z] [INFO] Server running on:
[2026-03-12T13:33:20.757Z] [INFO] - Local:   http://localhost:3000
[2026-03-12T13:33:20.758Z] [INFO] - Network: http://192.168.1.8:3000
[2026-03-12T13:33:20.786Z] [INFO] HOD Attendance Cron registered — runs Mon–Sat at 4:50 PM (IST)
[2026-03-12T13:34:10.203Z] [INFO] Server running on:
[2026-03-12T13:34:10.204Z] [INFO] - Local:   http://localhost:3000
[2026-03-12T13:34:10.205Z] [INFO] - Network: http://192.168.1.8:3000
[2026-03-12T13:34:10.237Z] [INFO] HOD Attendance Cron registered — runs Mon–Sat at 4:50 PM (IST)
[2026-03-12T13:34:12.069Z] [INFO] Server running on:
[2026-03-12T13:34:12.070Z] [INFO] - Local:   http://localhost:3000
[2026-03-12T13:34:12.071Z] [INFO] - Network: http://192.168.1.8:3000
[2026-03-12T13:34:12.108Z] [INFO] HOD Attendance Cron registered — runs Mon–Sat at 4:50 PM (IST)
[2026-03-12T13:34:14.019Z] [INFO] Server running on:
[2026-03-12T13:34:14.021Z] [INFO] - Local:   http://localhost:3000
[2026-03-12T13:34:14.022Z] [INFO] - Network: http://192.168.1.8:3000
[2026-03-12T13:34:14.050Z] [INFO] HOD Attendance Cron registered — runs Mon–Sat at 4:50 PM (IST)
[2026-03-12T13:34:59.418Z] [INFO] Login: admin (ADMIN)
[2026-03-12T14:29:57.311Z] [INFO] Login: admin (ADMIN)
[2026-03-12T14:44:31.893Z] [INFO] Server running on:
[2026-03-12T14:44:31.895Z] [INFO] - Local:   http://localhost:3000
[2026-03-12T14:44:31.895Z] [INFO] - Network: http://192.168.1.8:3000
[2026-03-12T14:44:31.931Z] [INFO] HOD Attendance Cron registered — runs Mon–Sat at 4:50 PM (IST)
[2026-03-12T16:54:39.088Z] [INFO] Server running on:
[2026-03-12T16:54:39.090Z] [INFO] - Local:   http://localhost:3000
[2026-03-12T16:54:39.090Z] [INFO] - Network: http://192.168.1.8:3000
[2026-03-12T16:54:39.182Z] [INFO] HOD Attendance Cron registered — runs Mon–Sat at 4:50 PM (IST)
[2026-03-12T16:59:28.296Z] [INFO] Login: admin (ADMIN)
[2026-03-12T18:35:10.077Z] [INFO] Server running on:
[2026-03-12T18:35:10.079Z] [INFO] - Local:   http://localhost:3000
[2026-03-12T18:35:10.080Z] [INFO] - Network: http://192.168.1.8:3000
[2026-03-12T18:35:10.163Z] [INFO] HOD Attendance Cron registered — runs Mon–Sat at 4:50 PM (IST)
[2026-03-12T18:43:50.623Z] [INFO] Faculty Login: STFCSE1 (HOD)
[2026-03-12T18:44:25.086Z] [ERROR] getProfile error 
Invalid `prisma.user.findUnique()` invocation in
C:\Users\haafi\Desktop\chicken 12 mar\final-ERP\server\src\controllers\profileController.js:28:40

  25 }
  26 
  27 // Staff roles
→ 28 const user = await prisma.user.findUnique({
       where: {
         id: 4
       },
       select: {
         id: true,
         username: true,
         role: true,
         fullName: true,
         email: true,
         phoneNumber: true,
         department: true,
         designation: true,
         employeeId: true,
         ~~~~~~~~~~
         dateOfBirth: true,
         photoUrl: true,
         isHOD: true,
         isFirstLogin: true,
         lastPasswordChange: true,
         lastLogin: true,
     ?   password?: true,
     ?   isDisabled?: true,
     ?   forcePasswordChange?: true,
     ?   createdAt?: true,
     ?   activityPerformed?: true,
     ?   announcements?: true,
     ?   externalStaffTasks?: true,
     ?   marksApproved?: true,
     ?   externalMarksSubmitted?: true,
     ?   examSessions?: true,
     ?   _count?: true
       }
     })

Unknown field `employeeId` for select statement on model `User`. Available options are marked with ?.
PrismaClientValidationError: 
Invalid `prisma.user.findUnique()` invocation in
C:\Users\haafi\Desktop\chicken 12 mar\final-ERP\server\src\controllers\profileController.js:28:40

  25 }
  26 
  27 // Staff roles
→ 28 const user = await prisma.user.findUnique({
       where: {
         id: 4
       },
       select: {
         id: true,
         username: true,
         role: true,
         fullName: true,
         email: true,
         phoneNumber: true,
         department: true,
         designation: true,
         employeeId: true,
         ~~~~~~~~~~
         dateOfBirth: true,
         photoUrl: true,
         isHOD: true,
         isFirstLogin: true,
         lastPasswordChange: true,
         lastLogin: true,
     ?   password?: true,
     ?   isDisabled?: true,
     ?   forcePasswordChange?: true,
     ?   createdAt?: true,
     ?   activityPerformed?: true,
     ?   announcements?: true,
     ?   externalStaffTasks?: true,
     ?   marksApproved?: true,
     ?   externalMarksSubmitted?: true,
     ?   examSessions?: true,
     ?   _count?: true
       }
     })

Unknown field `employeeId` for select statement on model `User`. Available options are marked with ?.
    at wn (C:\Users\haafi\Desktop\chicken 12 mar\final-ERP\server\node_modules\@prisma\client\runtime\library.js:29:1363)
    at $n.handleRequestError (C:\Users\haafi\Desktop\chicken 12 mar\final-ERP\server\node_modules\@prisma\client\runtime\library.js:121:6958)
    at $n.handleAndLogRequestError (C:\Users\haafi\Desktop\chicken 12 mar\final-ERP\server\node_modules\@prisma\client\runtime\library.js:121:6623)
    at $n.request (C:\Users\haafi\Desktop\chicken 12 mar\final-ERP\server\node_modules\@prisma\client\runtime\library.js:121:6307)
    at async l (C:\Users\haafi\Desktop\chicken 12 mar\final-ERP\server\node_modules\@prisma\client\runtime\library.js:130:9633)
    at async getProfile (C:\Users\haafi\Desktop\chicken 12 mar\final-ERP\server\src\controllers\profileController.js:28:22)
[2026-03-12T18:44:25.098Z] [ERROR] getProfile error 
Invalid `prisma.user.findUnique()` invocation in
C:\Users\haafi\Desktop\chicken 12 mar\final-ERP\server\src\controllers\profileController.js:28:40

  25 }
  26 
  27 // Staff roles
→ 28 const user = await prisma.user.findUnique({
       where: {
         id: 4
       },
       select: {
         id: true,
         username: true,
         role: true,
         fullName: true,
         email: true,
         phoneNumber: true,
         department: true,
         designation: true,
         employeeId: true,
         ~~~~~~~~~~
         dateOfBirth: true,
         photoUrl: true,
         isHOD: true,
         isFirstLogin: true,
         lastPasswordChange: true,
         lastLogin: true,
     ?   password?: true,
     ?   isDisabled?: true,
     ?   forcePasswordChange?: true,
     ?   createdAt?: true,
     ?   activityPerformed?: true,
     ?   announcements?: true,
     ?   externalStaffTasks?: true,
     ?   marksApproved?: true,
     ?   externalMarksSubmitted?: true,
     ?   examSessions?: true,
     ?   _count?: true
       }
     })

Unknown field `employeeId` for select statement on model `User`. Available options are marked with ?.
PrismaClientValidationError: 
Invalid `prisma.user.findUnique()` invocation in
C:\Users\haafi\Desktop\chicken 12 mar\final-ERP\server\src\controllers\profileController.js:28:40

  25 }
  26 
  27 // Staff roles
→ 28 const user = await prisma.user.findUnique({
       where: {
         id: 4
       },
       select: {
         id: true,
         username: true,
         role: true,
         fullName: true,
         email: true,
         phoneNumber: true,
         department: true,
         designation: true,
         employeeId: true,
         ~~~~~~~~~~
         dateOfBirth: true,
         photoUrl: true,
         isHOD: true,
         isFirstLogin: true,
         lastPasswordChange: true,
         lastLogin: true,
     ?   password?: true,
     ?   isDisabled?: true,
     ?   forcePasswordChange?: true,
     ?   createdAt?: true,
     ?   activityPerformed?: true,
     ?   announcements?: true,
     ?   externalStaffTasks?: true,
     ?   marksApproved?: true,
     ?   externalMarksSubmitted?: true,
     ?   examSessions?: true,
     ?   _count?: true
       }
     })

Unknown field `employeeId` for select statement on model `User`. Available options are marked with ?.
    at wn (C:\Users\haafi\Desktop\chicken 12 mar\final-ERP\server\node_modules\@prisma\client\runtime\library.js:29:1363)
    at $n.handleRequestError (C:\Users\haafi\Desktop\chicken 12 mar\final-ERP\server\node_modules\@prisma\client\runtime\library.js:121:6958)
    at $n.handleAndLogRequestError (C:\Users\haafi\Desktop\chicken 12 mar\final-ERP\server\node_modules\@prisma\client\runtime\library.js:121:6623)
    at $n.request (C:\Users\haafi\Desktop\chicken 12 mar\final-ERP\server\node_modules\@prisma\client\runtime\library.js:121:6307)
    at async l (C:\Users\haafi\Desktop\chicken 12 mar\final-ERP\server\node_modules\@prisma\client\runtime\library.js:130:9633)
    at async getProfile (C:\Users\haafi\Desktop\chicken 12 mar\final-ERP\server\src\controllers\profileController.js:28:22)
[2026-03-12T18:44:42.710Z] [INFO] Login: admin (ADMIN)
[2026-03-12T18:45:55.645Z] [INFO] Login: naveen (PRINCIPAL)
[2026-03-12T18:46:29.059Z] [INFO] Login: admin (ADMIN)
[2026-03-12T18:58:42.645Z] [INFO] Faculty Login: STFMECH2 (FACULTY)
[2026-03-12T18:58:49.798Z] [ERROR] getProfile error 
Invalid `prisma.user.findUnique()` invocation in
C:\Users\haafi\Desktop\chicken 12 mar\final-ERP\server\src\controllers\profileController.js:28:40

  25 }
  26 
  27 // Staff roles
→ 28 const user = await prisma.user.findUnique({
       where: {
         id: 2
       },
       select: {
         id: true,
         username: true,
         role: true,
         fullName: true,
         email: true,
         phoneNumber: true,
         department: true,
         designation: true,
         employeeId: true,
         ~~~~~~~~~~
         dateOfBirth: true,
         photoUrl: true,
         isHOD: true,
         isFirstLogin: true,
         lastPasswordChange: true,
         lastLogin: true,
     ?   password?: true,
     ?   isDisabled?: true,
     ?   forcePasswordChange?: true,
     ?   createdAt?: true,
     ?   activityPerformed?: true,
     ?   announcements?: true,
     ?   externalStaffTasks?: true,
     ?   marksApproved?: true,
     ?   externalMarksSubmitted?: true,
     ?   examSessions?: true,
     ?   _count?: true
       }
     })

Unknown field `employeeId` for select statement on model `User`. Available options are marked with ?.
PrismaClientValidationError: 
Invalid `prisma.user.findUnique()` invocation in
C:\Users\haafi\Desktop\chicken 12 mar\final-ERP\server\src\controllers\profileController.js:28:40

  25 }
  26 
  27 // Staff roles
→ 28 const user = await prisma.user.findUnique({
       where: {
         id: 2
       },
       select: {
         id: true,
         username: true,
         role: true,
         fullName: true,
         email: true,
         phoneNumber: true,
         department: true,
         designation: true,
         employeeId: true,
         ~~~~~~~~~~
         dateOfBirth: true,
         photoUrl: true,
         isHOD: true,
         isFirstLogin: true,
         lastPasswordChange: true,
         lastLogin: true,
     ?   password?: true,
     ?   isDisabled?: true,
     ?   forcePasswordChange?: true,
     ?   createdAt?: true,
     ?   activityPerformed?: true,
     ?   announcements?: true,
     ?   externalStaffTasks?: true,
     ?   marksApproved?: true,
     ?   externalMarksSubmitted?: true,
     ?   examSessions?: true,
     ?   _count?: true
       }
     })

Unknown field `employeeId` for select statement on model `User`. Available options are marked with ?.
    at wn (C:\Users\haafi\Desktop\chicken 12 mar\final-ERP\server\node_modules\@prisma\client\runtime\library.js:29:1363)
    at $n.handleRequestError (C:\Users\haafi\Desktop\chicken 12 mar\final-ERP\server\node_modules\@prisma\client\runtime\library.js:121:6958)
    at $n.handleAndLogRequestError (C:\Users\haafi\Desktop\chicken 12 mar\final-ERP\server\node_modules\@prisma\client\runtime\library.js:121:6623)
    at $n.request (C:\Users\haafi\Desktop\chicken 12 mar\final-ERP\server\node_modules\@prisma\client\runtime\library.js:121:6307)
    at async l (C:\Users\haafi\Desktop\chicken 12 mar\final-ERP\server\node_modules\@prisma\client\runtime\library.js:130:9633)
    at async getProfile (C:\Users\haafi\Desktop\chicken 12 mar\final-ERP\server\src\controllers\profileController.js:28:22)
[2026-03-12T18:58:49.811Z] [ERROR] getProfile error 
Invalid `prisma.user.findUnique()` invocation in
C:\Users\haafi\Desktop\chicken 12 mar\final-ERP\server\src\controllers\profileController.js:28:40

  25 }
  26 
  27 // Staff roles
→ 28 const user = await prisma.user.findUnique({
       where: {
         id: 2
       },
       select: {
         id: true,
         username: true,
         role: true,
         fullName: true,
         email: true,
         phoneNumber: true,
         department: true,
         designation: true,
         employeeId: true,
         ~~~~~~~~~~
         dateOfBirth: true,
         photoUrl: true,
         isHOD: true,
         isFirstLogin: true,
         lastPasswordChange: true,
         lastLogin: true,
     ?   password?: true,
     ?   isDisabled?: true,
     ?   forcePasswordChange?: true,
     ?   createdAt?: true,
     ?   activityPerformed?: true,
     ?   announcements?: true,
     ?   externalStaffTasks?: true,
     ?   marksApproved?: true,
     ?   externalMarksSubmitted?: true,
     ?   examSessions?: true,
     ?   _count?: true
       }
     })

Unknown field `employeeId` for select statement on model `User`. Available options are marked with ?.
PrismaClientValidationError: 
Invalid `prisma.user.findUnique()` invocation in
C:\Users\haafi\Desktop\chicken 12 mar\final-ERP\server\src\controllers\profileController.js:28:40

  25 }
  26 
  27 // Staff roles
→ 28 const user = await prisma.user.findUnique({
       where: {
         id: 2
       },
       select: {
         id: true,
         username: true,
         role: true,
         fullName: true,
         email: true,
         phoneNumber: true,
         department: true,
         designation: true,
         employeeId: true,
         ~~~~~~~~~~
         dateOfBirth: true,
         photoUrl: true,
         isHOD: true,
         isFirstLogin: true,
         lastPasswordChange: true,
         lastLogin: true,
     ?   password?: true,
     ?   isDisabled?: true,
     ?   forcePasswordChange?: true,
     ?   createdAt?: true,
     ?   activityPerformed?: true,
     ?   announcements?: true,
     ?   externalStaffTasks?: true,
     ?   marksApproved?: true,
     ?   externalMarksSubmitted?: true,
     ?   examSessions?: true,
     ?   _count?: true
       }
     })

Unknown field `employeeId` for select statement on model `User`. Available options are marked with ?.
    at wn (C:\Users\haafi\Desktop\chicken 12 mar\final-ERP\server\node_modules\@prisma\client\runtime\library.js:29:1363)
    at $n.handleRequestError (C:\Users\haafi\Desktop\chicken 12 mar\final-ERP\server\node_modules\@prisma\client\runtime\library.js:121:6958)
    at $n.handleAndLogRequestError (C:\Users\haafi\Desktop\chicken 12 mar\final-ERP\server\node_modules\@prisma\client\runtime\library.js:121:6623)
    at $n.request (C:\Users\haafi\Desktop\chicken 12 mar\final-ERP\server\node_modules\@prisma\client\runtime\library.js:121:6307)
    at async l (C:\Users\haafi\Desktop\chicken 12 mar\final-ERP\server\node_modules\@prisma\client\runtime\library.js:130:9633)
    at async getProfile (C:\Users\haafi\Desktop\chicken 12 mar\final-ERP\server\src\controllers\profileController.js:28:22)
[2026-03-12T18:59:11.386Z] [ERROR] getProfile error 
Invalid `prisma.user.findUnique()` invocation in
C:\Users\haafi\Desktop\chicken 12 mar\final-ERP\server\src\controllers\profileController.js:28:40

  25 }
  26 
  27 // Staff roles
→ 28 const user = await prisma.user.findUnique({
       where: {
         id: 2
       },
       select: {
         id: true,
         username: true,
         role: true,
         fullName: true,
         email: true,
         phoneNumber: true,
         department: true,
         designation: true,
         employeeId: true,
         ~~~~~~~~~~
         dateOfBirth: true,
         photoUrl: true,
         isHOD: true,
         isFirstLogin: true,
         lastPasswordChange: true,
         lastLogin: true,
     ?   password?: true,
     ?   isDisabled?: true,
     ?   forcePasswordChange?: true,
     ?   createdAt?: true,
     ?   activityPerformed?: true,
     ?   announcements?: true,
     ?   externalStaffTasks?: true,
     ?   marksApproved?: true,
     ?   externalMarksSubmitted?: true,
     ?   examSessions?: true,
     ?   _count?: true
       }
     })

Unknown field `employeeId` for select statement on model `User`. Available options are marked with ?.
PrismaClientValidationError: 
Invalid `prisma.user.findUnique()` invocation in
C:\Users\haafi\Desktop\chicken 12 mar\final-ERP\server\src\controllers\profileController.js:28:40

  25 }
  26 
  27 // Staff roles
→ 28 const user = await prisma.user.findUnique({
       where: {
         id: 2
       },
       select: {
         id: true,
         username: true,
         role: true,
         fullName: true,
         email: true,
         phoneNumber: true,
         department: true,
         designation: true,
         employeeId: true,
         ~~~~~~~~~~
         dateOfBirth: true,
         photoUrl: true,
         isHOD: true,
         isFirstLogin: true,
         lastPasswordChange: true,
         lastLogin: true,
     ?   password?: true,
     ?   isDisabled?: true,
     ?   forcePasswordChange?: true,
     ?   createdAt?: true,
     ?   activityPerformed?: true,
     ?   announcements?: true,
     ?   externalStaffTasks?: true,
     ?   marksApproved?: true,
     ?   externalMarksSubmitted?: true,
     ?   examSessions?: true,
     ?   _count?: true
       }
     })

Unknown field `employeeId` for select statement on model `User`. Available options are marked with ?.
    at wn (C:\Users\haafi\Desktop\chicken 12 mar\final-ERP\server\node_modules\@prisma\client\runtime\library.js:29:1363)
    at $n.handleRequestError (C:\Users\haafi\Desktop\chicken 12 mar\final-ERP\server\node_modules\@prisma\client\runtime\library.js:121:6958)
    at $n.handleAndLogRequestError (C:\Users\haafi\Desktop\chicken 12 mar\final-ERP\server\node_modules\@prisma\client\runtime\library.js:121:6623)
    at $n.request (C:\Users\haafi\Desktop\chicken 12 mar\final-ERP\server\node_modules\@prisma\client\runtime\library.js:121:6307)
    at async l (C:\Users\haafi\Desktop\chicken 12 mar\final-ERP\server\node_modules\@prisma\client\runtime\library.js:130:9633)
    at async getProfile (C:\Users\haafi\Desktop\chicken 12 mar\final-ERP\server\src\controllers\profileController.js:28:22)
[2026-03-12T18:59:11.396Z] [ERROR] getProfile error 
Invalid `prisma.user.findUnique()` invocation in
C:\Users\haafi\Desktop\chicken 12 mar\final-ERP\server\src\controllers\profileController.js:28:40

  25 }
  26 
  27 // Staff roles
→ 28 const user = await prisma.user.findUnique({
       where: {
         id: 2
       },
       select: {
         id: true,
         username: true,
         role: true,
         fullName: true,
         email: true,
         phoneNumber: true,
         department: true,
         designation: true,
         employeeId: true,
         ~~~~~~~~~~
         dateOfBirth: true,
         photoUrl: true,
         isHOD: true,
         isFirstLogin: true,
         lastPasswordChange: true,
         lastLogin: true,
     ?   password?: true,
     ?   isDisabled?: true,
     ?   forcePasswordChange?: true,
     ?   createdAt?: true,
     ?   activityPerformed?: true,
     ?   announcements?: true,
     ?   externalStaffTasks?: true,
     ?   marksApproved?: true,
     ?   externalMarksSubmitted?: true,
     ?   examSessions?: true,
     ?   _count?: true
       }
     })

Unknown field `employeeId` for select statement on model `User`. Available options are marked with ?.
PrismaClientValidationError: 
Invalid `prisma.user.findUnique()` invocation in
C:\Users\haafi\Desktop\chicken 12 mar\final-ERP\server\src\controllers\profileController.js:28:40

  25 }
  26 
  27 // Staff roles
→ 28 const user = await prisma.user.findUnique({
       where: {
         id: 2
       },
       select: {
         id: true,
         username: true,
         role: true,
         fullName: true,
         email: true,
         phoneNumber: true,
         department: true,
         designation: true,
         employeeId: true,
         ~~~~~~~~~~
         dateOfBirth: true,
         photoUrl: true,
         isHOD: true,
         isFirstLogin: true,
         lastPasswordChange: true,
         lastLogin: true,
     ?   password?: true,
     ?   isDisabled?: true,
     ?   forcePasswordChange?: true,
     ?   createdAt?: true,
     ?   activityPerformed?: true,
     ?   announcements?: true,
     ?   externalStaffTasks?: true,
     ?   marksApproved?: true,
     ?   externalMarksSubmitted?: true,
     ?   examSessions?: true,
     ?   _count?: true
       }
     })

Unknown field `employeeId` for select statement on model `User`. Available options are marked with ?.
    at wn (C:\Users\haafi\Desktop\chicken 12 mar\final-ERP\server\node_modules\@prisma\client\runtime\library.js:29:1363)
    at $n.handleRequestError (C:\Users\haafi\Desktop\chicken 12 mar\final-ERP\server\node_modules\@prisma\client\runtime\library.js:121:6958)
    at $n.handleAndLogRequestError (C:\Users\haafi\Desktop\chicken 12 mar\final-ERP\server\node_modules\@prisma\client\runtime\library.js:121:6623)
    at $n.request (C:\Users\haafi\Desktop\chicken 12 mar\final-ERP\server\node_modules\@prisma\client\runtime\library.js:121:6307)
    at async l (C:\Users\haafi\Desktop\chicken 12 mar\final-ERP\server\node_modules\@prisma\client\runtime\library.js:130:9633)
    at async getProfile (C:\Users\haafi\Desktop\chicken 12 mar\final-ERP\server\src\controllers\profileController.js:28:22)
[2026-03-12T18:59:53.178Z] [INFO] Login: admin (ADMIN)
[2026-03-12T19:04:42.445Z] [INFO] Student Login: 2021CSE31 (Computer Science and Engineering)
[2026-03-12T19:06:44.112Z] [INFO] Login: admin (ADMIN)
[2026-03-12T19:07:37.363Z] [INFO] Faculty Login: STFCSE1 (HOD)
[2026-03-12T19:08:14.472Z] [ERROR] getProfile error 
Invalid `prisma.user.findUnique()` invocation in
C:\Users\haafi\Desktop\chicken 12 mar\final-ERP\server\src\controllers\profileController.js:28:40

  25 }
  26 
  27 // Staff roles
→ 28 const user = await prisma.user.findUnique({
       where: {
         id: 4
       },
       select: {
         id: true,
         username: true,
         role: true,
         fullName: true,
         email: true,
         phoneNumber: true,
         department: true,
         designation: true,
         employeeId: true,
         ~~~~~~~~~~
         dateOfBirth: true,
         photoUrl: true,
         isHOD: true,
         isFirstLogin: true,
         lastPasswordChange: true,
         lastLogin: true,
     ?   password?: true,
     ?   isDisabled?: true,
     ?   forcePasswordChange?: true,
     ?   createdAt?: true,
     ?   activityPerformed?: true,
     ?   announcements?: true,
     ?   externalStaffTasks?: true,
     ?   marksApproved?: true,
     ?   externalMarksSubmitted?: true,
     ?   examSessions?: true,
     ?   _count?: true
       }
     })

Unknown field `employeeId` for select statement on model `User`. Available options are marked with ?.
PrismaClientValidationError: 
Invalid `prisma.user.findUnique()` invocation in
C:\Users\haafi\Desktop\chicken 12 mar\final-ERP\server\src\controllers\profileController.js:28:40

  25 }
  26 
  27 // Staff roles
→ 28 const user = await prisma.user.findUnique({
       where: {
         id: 4
       },
       select: {
         id: true,
         username: true,
         role: true,
         fullName: true,
         email: true,
         phoneNumber: true,
         department: true,
         designation: true,
         employeeId: true,
         ~~~~~~~~~~
         dateOfBirth: true,
         photoUrl: true,
         isHOD: true,
         isFirstLogin: true,
         lastPasswordChange: true,
         lastLogin: true,
     ?   password?: true,
     ?   isDisabled?: true,
     ?   forcePasswordChange?: true,
     ?   createdAt?: true,
     ?   activityPerformed?: true,
     ?   announcements?: true,
     ?   externalStaffTasks?: true,
     ?   marksApproved?: true,
     ?   externalMarksSubmitted?: true,
     ?   examSessions?: true,
     ?   _count?: true
       }
     })

Unknown field `employeeId` for select statement on model `User`. Available options are marked with ?.
    at wn (C:\Users\haafi\Desktop\chicken 12 mar\final-ERP\server\node_modules\@prisma\client\runtime\library.js:29:1363)
    at $n.handleRequestError (C:\Users\haafi\Desktop\chicken 12 mar\final-ERP\server\node_modules\@prisma\client\runtime\library.js:121:6958)
    at $n.handleAndLogRequestError (C:\Users\haafi\Desktop\chicken 12 mar\final-ERP\server\node_modules\@prisma\client\runtime\library.js:121:6623)
    at $n.request (C:\Users\haafi\Desktop\chicken 12 mar\final-ERP\server\node_modules\@prisma\client\runtime\library.js:121:6307)
    at async l (C:\Users\haafi\Desktop\chicken 12 mar\final-ERP\server\node_modules\@prisma\client\runtime\library.js:130:9633)
    at async getProfile (C:\Users\haafi\Desktop\chicken 12 mar\final-ERP\server\src\controllers\profileController.js:28:22)
[2026-03-12T19:08:14.482Z] [ERROR] getProfile error 
Invalid `prisma.user.findUnique()` invocation in
C:\Users\haafi\Desktop\chicken 12 mar\final-ERP\server\src\controllers\profileController.js:28:40

  25 }
  26 
  27 // Staff roles
→ 28 const user = await prisma.user.findUnique({
       where: {
         id: 4
       },
       select: {
         id: true,
         username: true,
         role: true,
         fullName: true,
         email: true,
         phoneNumber: true,
         department: true,
         designation: true,
         employeeId: true,
         ~~~~~~~~~~
         dateOfBirth: true,
         photoUrl: true,
         isHOD: true,
         isFirstLogin: true,
         lastPasswordChange: true,
         lastLogin: true,
     ?   password?: true,
     ?   isDisabled?: true,
     ?   forcePasswordChange?: true,
     ?   createdAt?: true,
     ?   activityPerformed?: true,
     ?   announcements?: true,
     ?   externalStaffTasks?: true,
     ?   marksApproved?: true,
     ?   externalMarksSubmitted?: true,
     ?   examSessions?: true,
     ?   _count?: true
       }
     })

Unknown field `employeeId` for select statement on model `User`. Available options are marked with ?.
PrismaClientValidationError: 
Invalid `prisma.user.findUnique()` invocation in
C:\Users\haafi\Desktop\chicken 12 mar\final-ERP\server\src\controllers\profileController.js:28:40

  25 }
  26 
  27 // Staff roles
→ 28 const user = await prisma.user.findUnique({
       where: {
         id: 4
       },
       select: {
         id: true,
         username: true,
         role: true,
         fullName: true,
         email: true,
         phoneNumber: true,
         department: true,
         designation: true,
         employeeId: true,
         ~~~~~~~~~~
         dateOfBirth: true,
         photoUrl: true,
         isHOD: true,
         isFirstLogin: true,
         lastPasswordChange: true,
         lastLogin: true,
     ?   password?: true,
     ?   isDisabled?: true,
     ?   forcePasswordChange?: true,
     ?   createdAt?: true,
     ?   activityPerformed?: true,
     ?   announcements?: true,
     ?   externalStaffTasks?: true,
     ?   marksApproved?: true,
     ?   externalMarksSubmitted?: true,
     ?   examSessions?: true,
     ?   _count?: true
       }
     })

Unknown field `employeeId` for select statement on model `User`. Available options are marked with ?.
    at wn (C:\Users\haafi\Desktop\chicken 12 mar\final-ERP\server\node_modules\@prisma\client\runtime\library.js:29:1363)
    at $n.handleRequestError (C:\Users\haafi\Desktop\chicken 12 mar\final-ERP\server\node_modules\@prisma\client\runtime\library.js:121:6958)
    at $n.handleAndLogRequestError (C:\Users\haafi\Desktop\chicken 12 mar\final-ERP\server\node_modules\@prisma\client\runtime\library.js:121:6623)
    at $n.request (C:\Users\haafi\Desktop\chicken 12 mar\final-ERP\server\node_modules\@prisma\client\runtime\library.js:121:6307)
    at async l (C:\Users\haafi\Desktop\chicken 12 mar\final-ERP\server\node_modules\@prisma\client\runtime\library.js:130:9633)
    at async getProfile (C:\Users\haafi\Desktop\chicken 12 mar\final-ERP\server\src\controllers\profileController.js:28:22)
[2026-03-12T19:09:22.367Z] [INFO] Login: admin (ADMIN)
[2026-03-12T19:10:21.382Z] [INFO] Server running on:
[2026-03-12T19:10:21.383Z] [INFO] - Local:   http://localhost:3000
[2026-03-12T19:10:21.384Z] [INFO] - Network: http://192.168.1.8:3000
[2026-03-12T19:10:21.415Z] [INFO] HOD Attendance Cron registered — runs Mon–Sat at 4:50 PM (IST)
[2026-03-12T19:10:33.713Z] [INFO] Server running on:
[2026-03-12T19:10:33.715Z] [INFO] - Local:   http://localhost:3000
[2026-03-12T19:10:33.716Z] [INFO] - Network: http://192.168.1.8:3000
[2026-03-12T19:10:33.749Z] [INFO] HOD Attendance Cron registered — runs Mon–Sat at 4:50 PM (IST)
[2026-03-12T19:11:07.448Z] [ERROR] getProfile error 
Invalid `prisma.user.findUnique()` invocation in
C:\Users\haafi\Desktop\chicken 12 mar\final-ERP\server\src\controllers\profileController.js:53:40

  50     });
  51 }
  52 
→ 53 const user = await prisma.user.findUnique({
       where: {
         id: 1
       },
       select: {
         id: true,
         username: true,
         role: true,
         fullName: true,
         email: true,
         phoneNumber: true,
         department: true,
         designation: true,
         employeeId: true,
         ~~~~~~~~~~
         dateOfBirth: true,
         photoUrl: true,
         isHOD: true,
         lastPasswordChange: true,
         lastLogin: true,
     ?   password?: true,
     ?   isDisabled?: true,
     ?   forcePasswordChange?: true,
     ?   createdAt?: true,
     ?   activityPerformed?: true,
     ?   announcements?: true,
     ?   externalStaffTasks?: true,
     ?   marksApproved?: true,
     ?   externalMarksSubmitted?: true,
     ?   examSessions?: true,
     ?   _count?: true
       }
     })

Unknown field `employeeId` for select statement on model `User`. Available options are marked with ?.
PrismaClientValidationError: 
Invalid `prisma.user.findUnique()` invocation in
C:\Users\haafi\Desktop\chicken 12 mar\final-ERP\server\src\controllers\profileController.js:53:40

  50     });
  51 }
  52 
→ 53 const user = await prisma.user.findUnique({
       where: {
         id: 1
       },
       select: {
         id: true,
         username: true,
         role: true,
         fullName: true,
         email: true,
         phoneNumber: true,
         department: true,
         designation: true,
         employeeId: true,
         ~~~~~~~~~~
         dateOfBirth: true,
         photoUrl: true,
         isHOD: true,
         lastPasswordChange: true,
         lastLogin: true,
     ?   password?: true,
     ?   isDisabled?: true,
     ?   forcePasswordChange?: true,
     ?   createdAt?: true,
     ?   activityPerformed?: true,
     ?   announcements?: true,
     ?   externalStaffTasks?: true,
     ?   marksApproved?: true,
     ?   externalMarksSubmitted?: true,
     ?   examSessions?: true,
     ?   _count?: true
       }
     })

Unknown field `employeeId` for select statement on model `User`. Available options are marked with ?.
    at wn (C:\Users\haafi\Desktop\chicken 12 mar\final-ERP\server\node_modules\@prisma\client\runtime\library.js:29:1363)
    at $n.handleRequestError (C:\Users\haafi\Desktop\chicken 12 mar\final-ERP\server\node_modules\@prisma\client\runtime\library.js:121:6958)
    at $n.handleAndLogRequestError (C:\Users\haafi\Desktop\chicken 12 mar\final-ERP\server\node_modules\@prisma\client\runtime\library.js:121:6623)
    at $n.request (C:\Users\haafi\Desktop\chicken 12 mar\final-ERP\server\node_modules\@prisma\client\runtime\library.js:121:6307)
    at async l (C:\Users\haafi\Desktop\chicken 12 mar\final-ERP\server\node_modules\@prisma\client\runtime\library.js:130:9633)
    at async getProfile (C:\Users\haafi\Desktop\chicken 12 mar\final-ERP\server\src\controllers\profileController.js:53:22)
[2026-03-12T19:11:07.471Z] [ERROR] getProfile error 
Invalid `prisma.user.findUnique()` invocation in
C:\Users\haafi\Desktop\chicken 12 mar\final-ERP\server\src\controllers\profileController.js:53:40

  50     });
  51 }
  52 
→ 53 const user = await prisma.user.findUnique({
       where: {
         id: 1
       },
       select: {
         id: true,
         username: true,
         role: true,
         fullName: true,
         email: true,
         phoneNumber: true,
         department: true,
         designation: true,
         employeeId: true,
         ~~~~~~~~~~
         dateOfBirth: true,
         photoUrl: true,
         isHOD: true,
         lastPasswordChange: true,
         lastLogin: true,
     ?   password?: true,
     ?   isDisabled?: true,
     ?   forcePasswordChange?: true,
     ?   createdAt?: true,
     ?   activityPerformed?: true,
     ?   announcements?: true,
     ?   externalStaffTasks?: true,
     ?   marksApproved?: true,
     ?   externalMarksSubmitted?: true,
     ?   examSessions?: true,
     ?   _count?: true
       }
     })

Unknown field `employeeId` for select statement on model `User`. Available options are marked with ?.
PrismaClientValidationError: 
Invalid `prisma.user.findUnique()` invocation in
C:\Users\haafi\Desktop\chicken 12 mar\final-ERP\server\src\controllers\profileController.js:53:40

  50     });
  51 }
  52 
→ 53 const user = await prisma.user.findUnique({
       where: {
         id: 1
       },
       select: {
         id: true,
         username: true,
         role: true,
         fullName: true,
         email: true,
         phoneNumber: true,
         department: true,
         designation: true,
         employeeId: true,
         ~~~~~~~~~~
         dateOfBirth: true,
         photoUrl: true,
         isHOD: true,
         lastPasswordChange: true,
         lastLogin: true,
     ?   password?: true,
     ?   isDisabled?: true,
     ?   forcePasswordChange?: true,
     ?   createdAt?: true,
     ?   activityPerformed?: true,
     ?   announcements?: true,
     ?   externalStaffTasks?: true,
     ?   marksApproved?: true,
     ?   externalMarksSubmitted?: true,
     ?   examSessions?: true,
     ?   _count?: true
       }
     })

Unknown field `employeeId` for select statement on model `User`. Available options are marked with ?.
    at wn (C:\Users\haafi\Desktop\chicken 12 mar\final-ERP\server\node_modules\@prisma\client\runtime\library.js:29:1363)
    at $n.handleRequestError (C:\Users\haafi\Desktop\chicken 12 mar\final-ERP\server\node_modules\@prisma\client\runtime\library.js:121:6958)
    at $n.handleAndLogRequestError (C:\Users\haafi\Desktop\chicken 12 mar\final-ERP\server\node_modules\@prisma\client\runtime\library.js:121:6623)
    at $n.request (C:\Users\haafi\Desktop\chicken 12 mar\final-ERP\server\node_modules\@prisma\client\runtime\library.js:121:6307)
    at async l (C:\Users\haafi\Desktop\chicken 12 mar\final-ERP\server\node_modules\@prisma\client\runtime\library.js:130:9633)
    at async getProfile (C:\Users\haafi\Desktop\chicken 12 mar\final-ERP\server\src\controllers\profileController.js:53:22)
[2026-03-12T19:11:21.978Z] [ERROR] getProfile error 
Invalid `prisma.user.findUnique()` invocation in
C:\Users\haafi\Desktop\chicken 12 mar\final-ERP\server\src\controllers\profileController.js:53:40

  50     });
  51 }
  52 
→ 53 const user = await prisma.user.findUnique({
       where: {
         id: 1
       },
       select: {
         id: true,
         username: true,
         role: true,
         fullName: true,
         email: true,
         phoneNumber: true,
         department: true,
         designation: true,
         employeeId: true,
         ~~~~~~~~~~
         dateOfBirth: true,
         photoUrl: true,
         isHOD: true,
         lastPasswordChange: true,
         lastLogin: true,
     ?   password?: true,
     ?   isDisabled?: true,
     ?   forcePasswordChange?: true,
     ?   createdAt?: true,
     ?   activityPerformed?: true,
     ?   announcements?: true,
     ?   externalStaffTasks?: true,
     ?   marksApproved?: true,
     ?   externalMarksSubmitted?: true,
     ?   examSessions?: true,
     ?   _count?: true
       }
     })

Unknown field `employeeId` for select statement on model `User`. Available options are marked with ?.
PrismaClientValidationError: 
Invalid `prisma.user.findUnique()` invocation in
C:\Users\haafi\Desktop\chicken 12 mar\final-ERP\server\src\controllers\profileController.js:53:40

  50     });
  51 }
  52 
→ 53 const user = await prisma.user.findUnique({
       where: {
         id: 1
       },
       select: {
         id: true,
         username: true,
         role: true,
         fullName: true,
         email: true,
         phoneNumber: true,
         department: true,
         designation: true,
         employeeId: true,
         ~~~~~~~~~~
         dateOfBirth: true,
         photoUrl: true,
         isHOD: true,
         lastPasswordChange: true,
         lastLogin: true,
     ?   password?: true,
     ?   isDisabled?: true,
     ?   forcePasswordChange?: true,
     ?   createdAt?: true,
     ?   activityPerformed?: true,
     ?   announcements?: true,
     ?   externalStaffTasks?: true,
     ?   marksApproved?: true,
     ?   externalMarksSubmitted?: true,
     ?   examSessions?: true,
     ?   _count?: true
       }
     })

Unknown field `employeeId` for select statement on model `User`. Available options are marked with ?.
    at wn (C:\Users\haafi\Desktop\chicken 12 mar\final-ERP\server\node_modules\@prisma\client\runtime\library.js:29:1363)
    at $n.handleRequestError (C:\Users\haafi\Desktop\chicken 12 mar\final-ERP\server\node_modules\@prisma\client\runtime\library.js:121:6958)
    at $n.handleAndLogRequestError (C:\Users\haafi\Desktop\chicken 12 mar\final-ERP\server\node_modules\@prisma\client\runtime\library.js:121:6623)
    at $n.request (C:\Users\haafi\Desktop\chicken 12 mar\final-ERP\server\node_modules\@prisma\client\runtime\library.js:121:6307)
    at async l (C:\Users\haafi\Desktop\chicken 12 mar\final-ERP\server\node_modules\@prisma\client\runtime\library.js:130:9633)
    at async getProfile (C:\Users\haafi\Desktop\chicken 12 mar\final-ERP\server\src\controllers\profileController.js:53:22)
[2026-03-12T19:11:22.004Z] [ERROR] getProfile error 
Invalid `prisma.user.findUnique()` invocation in
C:\Users\haafi\Desktop\chicken 12 mar\final-ERP\server\src\controllers\profileController.js:53:40

  50     });
  51 }
  52 
→ 53 const user = await prisma.user.findUnique({
       where: {
         id: 1
       },
       select: {
         id: true,
         username: true,
         role: true,
         fullName: true,
         email: true,
         phoneNumber: true,
         department: true,
         designation: true,
         employeeId: true,
         ~~~~~~~~~~
         dateOfBirth: true,
         photoUrl: true,
         isHOD: true,
         lastPasswordChange: true,
         lastLogin: true,
     ?   password?: true,
     ?   isDisabled?: true,
     ?   forcePasswordChange?: true,
     ?   createdAt?: true,
     ?   activityPerformed?: true,
     ?   announcements?: true,
     ?   externalStaffTasks?: true,
     ?   marksApproved?: true,
     ?   externalMarksSubmitted?: true,
     ?   examSessions?: true,
     ?   _count?: true
       }
     })

Unknown field `employeeId` for select statement on model `User`. Available options are marked with ?.
PrismaClientValidationError: 
Invalid `prisma.user.findUnique()` invocation in
C:\Users\haafi\Desktop\chicken 12 mar\final-ERP\server\src\controllers\profileController.js:53:40

  50     });
  51 }
  52 
→ 53 const user = await prisma.user.findUnique({
       where: {
         id: 1
       },
       select: {
         id: true,
         username: true,
         role: true,
         fullName: true,
         email: true,
         phoneNumber: true,
         department: true,
         designation: true,
         employeeId: true,
         ~~~~~~~~~~
         dateOfBirth: true,
         photoUrl: true,
         isHOD: true,
         lastPasswordChange: true,
         lastLogin: true,
     ?   password?: true,
     ?   isDisabled?: true,
     ?   forcePasswordChange?: true,
     ?   createdAt?: true,
     ?   activityPerformed?: true,
     ?   announcements?: true,
     ?   externalStaffTasks?: true,
     ?   marksApproved?: true,
     ?   externalMarksSubmitted?: true,
     ?   examSessions?: true,
     ?   _count?: true
       }
     })

Unknown field `employeeId` for select statement on model `User`. Available options are marked with ?.
    at wn (C:\Users\haafi\Desktop\chicken 12 mar\final-ERP\server\node_modules\@prisma\client\runtime\library.js:29:1363)
    at $n.handleRequestError (C:\Users\haafi\Desktop\chicken 12 mar\final-ERP\server\node_modules\@prisma\client\runtime\library.js:121:6958)
    at $n.handleAndLogRequestError (C:\Users\haafi\Desktop\chicken 12 mar\final-ERP\server\node_modules\@prisma\client\runtime\library.js:121:6623)
    at $n.request (C:\Users\haafi\Desktop\chicken 12 mar\final-ERP\server\node_modules\@prisma\client\runtime\library.js:121:6307)
    at async l (C:\Users\haafi\Desktop\chicken 12 mar\final-ERP\server\node_modules\@prisma\client\runtime\library.js:130:9633)
    at async getProfile (C:\Users\haafi\Desktop\chicken 12 mar\final-ERP\server\src\controllers\profileController.js:53:22)
[2026-03-12T19:13:32.892Z] [INFO] Server running on:
[2026-03-12T19:13:32.893Z] [INFO] - Local:   http://localhost:3000
[2026-03-12T19:13:32.893Z] [INFO] - Network: http://192.168.1.8:3000
[2026-03-12T19:13:32.921Z] [INFO] HOD Attendance Cron registered — runs Mon–Sat at 4:50 PM (IST)
[2026-03-12T19:14:21.488Z] [INFO] Login: admin (ADMIN)
[2026-03-12T19:14:57.500Z] [INFO] Student Login: 2021CSE31 (Computer Science and Engineering)
[2026-03-12T19:16:28.084Z] [INFO] Faculty Login: STFCSE1 (HOD)
[2026-03-12T19:17:06.732Z] [INFO] Login: admin (ADMIN)
[2026-03-12T19:22:49.635Z] [INFO] Server running on:
[2026-03-12T19:22:49.637Z] [INFO] - Local:   http://localhost:3000
[2026-03-12T19:22:49.637Z] [INFO] - Network: http://192.168.1.8:3000
[2026-03-12T19:22:49.671Z] [INFO] HOD Attendance Cron registered — runs Mon–Sat at 4:50 PM (IST)
[2026-03-12T19:25:24.854Z] [INFO] Server running on:
[2026-03-12T19:25:24.880Z] [INFO] - Local:   http://localhost:3000
[2026-03-12T19:25:24.881Z] [INFO] - Network: http://192.168.1.8:3000
[2026-03-12T19:25:24.913Z] [INFO] HOD Attendance Cron registered — runs Mon–Sat at 4:50 PM (IST)
[2026-03-12T19:25:36.347Z] [INFO] Login: admin (ADMIN)
[2026-03-12T19:28:00.345Z] [INFO] Student Login: 2021CSE31 (Computer Science and Engineering)
[2026-03-12T19:29:02.692Z] [INFO] Login: admin (ADMIN)
[2026-03-12T19:32:14.825Z] [INFO] Login: admin (ADMIN)
